2018-12-18T02:01:00+00:00 CRITICAL Maximum execution time of 30 seconds exceeded in C:\xampp\htdocs\wordpress\wp-includes\Requests\Transport\cURL.php on line 163

2018-12-18T02:13:05+00:00 CRITICAL Maximum execution time of 30 seconds exceeded in C:\xampp\htdocs\wordpress\wp-content\themes\oceanwp\inc\customizer\settings\woocommerce.php on line 8

2018-12-18T03:24:03+00:00 CRITICAL Maximum execution time of 30 seconds exceeded in C:\xampp\htdocs\wordpress\wp-includes\wp-db.php on line 1924

2018-12-18T06:17:01+00:00 CRITICAL Maximum execution time of 30 seconds exceeded in C:\xampp\htdocs\wordpress\wp-content\plugins\ti-woocommerce-wishlist\public\addtowishlist.class.php on line 10

2018-12-18T07:29:34+00:00 CRITICAL Maximum execution time of 30 seconds exceeded in C:\xampp\htdocs\wordpress\wp-content\plugins\woo-variation-swatches\includes\themes-support.php on line 4

2018-12-18T07:31:45+00:00 CRITICAL Maximum execution time of 30 seconds exceeded in C:\xampp\htdocs\wordpress\wp-content\themes\oceanwp\inc\customizer\settings\general.php on line 8

2018-12-18T07:34:08+00:00 CRITICAL Maximum execution time of 30 seconds exceeded in C:\xampp\htdocs\wordpress\wp-includes\wp-db.php on line 1924

2018-12-18T07:34:08+00:00 CRITICAL Maximum execution time of 30 seconds exceeded in C:\xampp\htdocs\wordpress\wp-includes\wp-db.php on line 1924

2018-12-18T07:57:52+00:00 CRITICAL Maximum execution time of 30 seconds exceeded in C:\xampp\htdocs\wordpress\wp-content\plugins\ti-woocommerce-wishlist\tinv-wishlists-function-integration.php on line 10

2018-12-18T07:59:53+00:00 CRITICAL Maximum execution time of 30 seconds exceeded in C:\xampp\htdocs\wordpress\wp-includes\Requests\Transport\cURL.php on line 163

2018-12-18T08:28:13+00:00 CRITICAL Maximum execution time of 30 seconds exceeded in C:\xampp\htdocs\wordpress\wp-content\plugins\ti-woocommerce-wishlist\includes\api\yoasti18n\i18n-module-wordpressorg.php on line 10

2018-12-18T08:46:15+00:00 CRITICAL Maximum execution time of 30 seconds exceeded in C:\xampp\htdocs\wordpress\wp-content\plugins\wpforms-lite\src\Admin\Loader.php on line 14

2018-12-18T08:52:19+00:00 CRITICAL Maximum execution time of 30 seconds exceeded in C:\xampp\htdocs\wordpress\wp-content\plugins\woocommerce\includes\libraries\action-scheduler\classes\ActionScheduler_FatalErrorMonitor.php on line 6

2018-12-18T09:24:22+00:00 CRITICAL Maximum execution time of 30 seconds exceeded in C:\xampp\htdocs\wordpress\wp-content\plugins\ti-woocommerce-wishlist\tinv-wishlists-function-integration.php on line 10

2018-12-18T09:32:13+00:00 CRITICAL Maximum execution time of 30 seconds exceeded in C:\xampp\htdocs\wordpress\wp-content\plugins\ti-woocommerce-wishlist\ti-woocommerce-wishlist.php on line 191

2018-12-18T09:40:17+00:00 CRITICAL Maximum execution time of 30 seconds exceeded in C:\xampp\htdocs\wordpress\wp-includes\wp-db.php on line 1924

2018-12-18T09:42:18+00:00 CRITICAL Maximum execution time of 30 seconds exceeded in C:\xampp\htdocs\wordpress\wp-content\plugins\ocean-extra\includes\metabox\butterbean\inc\controls\class-control-radio.php on line 19

2018-12-18T09:46:20+00:00 CRITICAL Maximum execution time of 30 seconds exceeded in C:\xampp\htdocs\wordpress\wp-content\plugins\elementor\core\common\modules\ajax\module.php on line 8

2018-12-18T10:31:12+00:00 CRITICAL Maximum execution time of 30 seconds exceeded in C:\xampp\htdocs\wordpress\wp-content\plugins\wpforms-lite\includes\fields\class-name.php on line 12

2018-12-18T12:44:33+00:00 CRITICAL Maximum execution time of 30 seconds exceeded in C:\xampp\htdocs\wordpress\wp-content\plugins\elementor\includes\utils.php on line 4

2018-12-18T13:26:50+00:00 CRITICAL Maximum execution time of 30 seconds exceeded in C:\xampp\htdocs\wordpress\wp-content\plugins\elementor\includes\template-library\manager.php on line 11

2018-12-18T14:11:58+00:00 CRITICAL Maximum execution time of 30 seconds exceeded in C:\xampp\htdocs\wordpress\wp-includes\Requests\Response\Headers.php on line 13

2018-12-18T14:38:11+00:00 CRITICAL Maximum execution time of 30 seconds exceeded in C:\xampp\htdocs\wordpress\wp-content\plugins\custom-sidebars\inc\external\wpmu-lib\inc\class-thelib.php on line 7

2018-12-18T16:15:48+00:00 CRITICAL Maximum execution time of 30 seconds exceeded in C:\xampp\htdocs\wordpress\wp-content\plugins\ocean-extra\includes\widgets\custom-header-nav.php on line 9

2018-12-18T19:23:25+00:00 CRITICAL Maximum execution time of 30 seconds exceeded in C:\xampp\htdocs\wordpress\wp-content\plugins\woocommerce\includes\admin\class-wc-admin-taxonomies.php on line 12

2018-12-18T19:25:28+00:00 CRITICAL Maximum execution time of 30 seconds exceeded in C:\xampp\htdocs\wordpress\wp-admin\includes\misc.php on line 16

