2018-12-12T01:36:42+00:00 CRITICAL Maximum execution time of 30 seconds exceeded in C:\xampp\htdocs\wordpress\wp-content\plugins\woocommerce\includes\wc-core-functions.php on line 197

2018-12-12T03:41:49+00:00 CRITICAL Maximum execution time of 30 seconds exceeded in C:\xampp\htdocs\wordpress\wp-content\plugins\woocommerce\includes\wc-core-functions.php on line 197

2018-12-12T03:58:02+00:00 CRITICAL Maximum execution time of 30 seconds exceeded in C:\xampp\htdocs\wordpress\wp-includes\wp-db.php on line 1924

2018-12-12T03:58:04+00:00 CRITICAL Maximum execution time of 30 seconds exceeded in C:\xampp\htdocs\wordpress\wp-includes\wp-db.php on line 1924

2018-12-12T03:58:48+00:00 CRITICAL Maximum execution time of 30 seconds exceeded in C:\xampp\htdocs\wordpress\wp-includes\wp-db.php on line 1924

2018-12-12T04:00:00+00:00 CRITICAL Maximum execution time of 30 seconds exceeded in C:\xampp\htdocs\wordpress\wp-includes\wp-db.php on line 1924

2018-12-12T04:39:18+00:00 CRITICAL Maximum execution time of 30 seconds exceeded in C:\xampp\htdocs\wordpress\wp-includes\wp-db.php on line 1924

2018-12-12T04:39:19+00:00 CRITICAL Maximum execution time of 30 seconds exceeded in C:\xampp\htdocs\wordpress\wp-includes\pomo\mo.php on line 291

2018-12-12T04:39:19+00:00 CRITICAL Maximum execution time of 30 seconds exceeded in C:\xampp\htdocs\wordpress\wp-content\plugins\custom-sidebars\inc\external\wpmu-lib\inc\class-thelib.php on line 146

2018-12-12T04:39:19+00:00 CRITICAL Maximum execution time of 30 seconds exceeded in C:\xampp\htdocs\wordpress\wp-content\plugins\contact-form-7\modules\number.php on line 10

2018-12-12T04:39:23+00:00 CRITICAL Maximum execution time of 30 seconds exceeded in C:\xampp\htdocs\wordpress\wp-includes\wp-db.php on line 1924

2018-12-12T04:39:39+00:00 CRITICAL Maximum execution time of 30 seconds exceeded in C:\xampp\htdocs\wordpress\wp-includes\wp-db.php on line 1924

2018-12-12T04:39:49+00:00 CRITICAL Maximum execution time of 30 seconds exceeded in C:\xampp\htdocs\wordpress\wp-includes\wp-db.php on line 1924

2018-12-12T04:39:49+00:00 CRITICAL Maximum execution time of 30 seconds exceeded in C:\xampp\htdocs\wordpress\wp-content\plugins\custom-sidebars\inc\external\wpmu-lib\inc\class-thelib.php on line 146

2018-12-12T04:39:49+00:00 CRITICAL Maximum execution time of 30 seconds exceeded in C:\xampp\htdocs\wordpress\wp-content\plugins\custom-sidebars\inc\external\wpmu-lib\inc\class-thelib.php on line 146

2018-12-12T04:39:49+00:00 CRITICAL Maximum execution time of 30 seconds exceeded in C:\xampp\htdocs\wordpress\wp-includes\pomo\mo.php on line 297

2018-12-12T04:39:53+00:00 CRITICAL Maximum execution time of 30 seconds exceeded in C:\xampp\htdocs\wordpress\wp-includes\wp-db.php on line 1924

2018-12-12T04:40:09+00:00 CRITICAL Maximum execution time of 30 seconds exceeded in C:\xampp\htdocs\wordpress\wp-includes\wp-db.php on line 1924

2018-12-12T04:40:19+00:00 CRITICAL Maximum execution time of 30 seconds exceeded in C:\xampp\htdocs\wordpress\wp-includes\wp-db.php on line 1924

2018-12-12T04:40:19+00:00 CRITICAL Maximum execution time of 30 seconds exceeded in C:\xampp\htdocs\wordpress\wp-content\plugins\custom-sidebars\inc\external\wpmu-lib\inc\class-thelib.php on line 146

2018-12-12T04:40:19+00:00 CRITICAL Maximum execution time of 30 seconds exceeded in C:\xampp\htdocs\wordpress\wp-content\plugins\custom-sidebars\inc\external\wpmu-lib\inc\class-thelib.php on line 146

2018-12-12T04:40:19+00:00 CRITICAL Maximum execution time of 30 seconds exceeded in C:\xampp\htdocs\wordpress\wp-content\plugins\premium-addons-for-elementor\includes\system-info.php on line 3

2018-12-12T04:40:24+00:00 CRITICAL Maximum execution time of 30 seconds exceeded in C:\xampp\htdocs\wordpress\wp-includes\wp-db.php on line 1924

2018-12-12T19:34:53+00:00 CRITICAL Maximum execution time of 30 seconds exceeded in C:\xampp\htdocs\wordpress\wp-content\plugins\premium-addons-for-elementor\includes\system-info.php on line 3

2018-12-12T19:34:53+00:00 CRITICAL Maximum execution time of 30 seconds exceeded in C:\xampp\htdocs\wordpress\wp-content\plugins\custom-sidebars\inc\external\wpmu-lib\inc\class-thelib.php on line 146

2018-12-12T19:35:26+00:00 CRITICAL Maximum execution time of 30 seconds exceeded in C:\xampp\htdocs\wordpress\wp-admin\includes\deprecated.php on line 20

2018-12-12T19:36:31+00:00 CRITICAL Maximum execution time of 30 seconds exceeded in C:\xampp\htdocs\wordpress\wp-includes\wp-db.php on line 1924

2018-12-12T19:36:42+00:00 CRITICAL Maximum execution time of 30 seconds exceeded in C:\xampp\htdocs\wordpress\wp-includes\wp-db.php on line 1924

2018-12-12T19:37:10+00:00 CRITICAL Maximum execution time of 30 seconds exceeded in C:\xampp\htdocs\wordpress\wp-includes\wp-db.php on line 1924

